2022-11-26 20:21:00.035 [info] Extension host with pid 5926 started
2022-11-26 20:21:00.093 [info] ExtensionService#_doActivateExtension vscode.microsoft-authentication, startup: false, activationEvent: 'onAuthenticationRequest:microsoft'
2022-11-26 20:21:00.094 [info] ExtensionService#_doActivateExtension vscode.git-base, startup: true, activationEvent: '*', root cause: vscode.git
2022-11-26 20:21:00.164 [info] ExtensionService#_doActivateExtension vscode.git, startup: true, activationEvent: '*'
2022-11-26 20:21:00.164 [info] ExtensionService#_doActivateExtension vscode.github, startup: true, activationEvent: '*'
2022-11-26 20:21:00.282 [info] Eager extensions activated
2022-11-26 20:21:00.283 [info] ExtensionService#_doActivateExtension vscode.github-authentication, startup: false, activationEvent: 'onAuthenticationRequest:github'
2022-11-26 20:21:00.323 [info] ExtensionService#_doActivateExtension vscode.debug-auto-launch, startup: false, activationEvent: 'onStartupFinished'
2022-11-26 20:21:00.323 [info] ExtensionService#_doActivateExtension vscode.emmet, startup: false, activationEvent: 'onStartupFinished'
2022-11-26 20:21:00.324 [info] ExtensionService#_doActivateExtension vscode.merge-conflict, startup: false, activationEvent: 'onStartupFinished'
2022-11-26 20:21:36.974 [info] Extension host terminating: received terminate message from renderer
2022-11-26 20:21:36.981 [info] Extension host with pid 5926 exiting with code 0
2022-11-26 20:21:38.234 [info] Extension host with pid 6071 started
2022-11-26 20:21:38.234 [info] Skipping acquiring lock for /home/fawaz/.config/Code/User/workspaceStorage/ab934958d20465626a3881aa9603f250.
2022-11-26 20:21:38.270 [info] ExtensionService#_doActivateExtension vscode.microsoft-authentication, startup: false, activationEvent: 'onAuthenticationRequest:microsoft'
2022-11-26 20:21:38.271 [info] ExtensionService#_doActivateExtension vscode.git-base, startup: true, activationEvent: '*'
2022-11-26 20:21:38.415 [info] ExtensionService#_doActivateExtension vscode.github, startup: true, activationEvent: '*'
2022-11-26 20:21:38.419 [info] Eager extensions activated
2022-11-26 20:21:38.422 [info] ExtensionService#_doActivateExtension vscode.debug-auto-launch, startup: false, activationEvent: 'onStartupFinished'
2022-11-26 20:21:38.423 [info] ExtensionService#_doActivateExtension vscode.emmet, startup: false, activationEvent: 'onStartupFinished'
2022-11-26 20:21:38.423 [info] ExtensionService#_doActivateExtension vscode.merge-conflict, startup: false, activationEvent: 'onStartupFinished'
2022-11-26 20:21:38.467 [info] ExtensionService#_doActivateExtension vscode.github-authentication, startup: false, activationEvent: 'onAuthenticationRequest:github'
